<?xml version="1.0" encoding="UTF-8"?>
<testng-results skipped="21" failed="0" total="21" passed="0">
  <reporter-output>
  </reporter-output>
  <suite name="Default suite" duration-ms="35849" started-at="2020-04-29T07:46:25Z" finished-at="2020-04-29T07:47:01Z">
    <groups>
    </groups>
    <test name="Default test" duration-ms="35849" started-at="2020-04-29T07:46:25Z" finished-at="2020-04-29T07:47:01Z">
      <class name="edu.testcase.PresonalCenterTest">
        <test-method status="FAIL" signature="startup()[pri:0, instance:edu.testcase.PresonalCenterTest@7a92922]" name="startup" is-config="true" duration-ms="0" started-at="2020-04-29T15:46:25Z" finished-at="2020-04-29T15:46:25Z">
          <exception class="org.openqa.selenium.SessionNotCreatedException">
            <message>
              <![CDATA[Unable to create a new remote session. Please check the server log for more details. Original error: An unknown server-side error occurred while processing the command. Original error: Could not find a connected Android device.
Build info: version: '3.141.59', revision: 'e82be7d358', time: '2018-11-14T08:25:53'
System info: host: 'MI-202001101034', ip: '192.168.204.1', os.name: 'Windows 10', os.arch: 'amd64', os.version: '10.0', java.version: '1.8.0_73'
Driver info: driver.version: AndroidDriver
remote stacktrace: UnknownError: An unknown server-side error occurred while processing the command. Original error: Could not find a connected Android device.
    at getResponseForW3CError (C:\Users\Administrator\AppData\Local\Programs\Appium\resources\app\node_modules\appium\node_modules\appium-base-driver\lib\protocol\errors.js:804:9)
    at asyncHandler (C:\Users\Administrator\AppData\Local\Programs\Appium\resources\app\node_modules\appium\node_modules\appium-base-driver\lib\protocol\protocol.js:388:37)
    at process._tickCallback (internal/process/next_tick.js:68:7)
Build info: version: '3.141.59', revision: 'e82be7d358', time: '2018-11-14T08:25:53'
System info: host: 'MI-202001101034', ip: '192.168.204.1', os.name: 'Windows 10', os.arch: 'amd64', os.version: '10.0', java.version: '1.8.0_73'
Driver info: driver.version: AndroidDriver]]>
            </message>
            <full-stacktrace>
              <![CDATA[org.openqa.selenium.SessionNotCreatedException: Unable to create a new remote session. Please check the server log for more details. Original error: An unknown server-side error occurred while processing the command. Original error: Could not find a connected Android device.
Build info: version: '3.141.59', revision: 'e82be7d358', time: '2018-11-14T08:25:53'
System info: host: 'MI-202001101034', ip: '192.168.204.1', os.name: 'Windows 10', os.arch: 'amd64', os.version: '10.0', java.version: '1.8.0_73'
Driver info: driver.version: AndroidDriver
remote stacktrace: UnknownError: An unknown server-side error occurred while processing the command. Original error: Could not find a connected Android device.
    at getResponseForW3CError (C:\Users\Administrator\AppData\Local\Programs\Appium\resources\app\node_modules\appium\node_modules\appium-base-driver\lib\protocol\errors.js:804:9)
    at asyncHandler (C:\Users\Administrator\AppData\Local\Programs\Appium\resources\app\node_modules\appium\node_modules\appium-base-driver\lib\protocol\protocol.js:388:37)
    at process._tickCallback (internal/process/next_tick.js:68:7)
Build info: version: '3.141.59', revision: 'e82be7d358', time: '2018-11-14T08:25:53'
System info: host: 'MI-202001101034', ip: '192.168.204.1', os.name: 'Windows 10', os.arch: 'amd64', os.version: '10.0', java.version: '1.8.0_73'
Driver info: driver.version: AndroidDriver
	at io.appium.java_client.remote.AppiumCommandExecutor$1.createSession(AppiumCommandExecutor.java:208)
	at io.appium.java_client.remote.AppiumCommandExecutor.createSession(AppiumCommandExecutor.java:217)
	at io.appium.java_client.remote.AppiumCommandExecutor.execute(AppiumCommandExecutor.java:239)
	at org.openqa.selenium.remote.RemoteWebDriver.execute(RemoteWebDriver.java:552)
	at io.appium.java_client.DefaultGenericMobileDriver.execute(DefaultGenericMobileDriver.java:41)
	at io.appium.java_client.AppiumDriver.execute(AppiumDriver.java:1)
	at io.appium.java_client.android.AndroidDriver.execute(AndroidDriver.java:1)
	at org.openqa.selenium.remote.RemoteWebDriver.startSession(RemoteWebDriver.java:213)
	at io.appium.java_client.AppiumDriver.startSession(AppiumDriver.java:336)
	at org.openqa.selenium.remote.RemoteWebDriver.<init>(RemoteWebDriver.java:131)
	at io.appium.java_client.DefaultGenericMobileDriver.<init>(DefaultGenericMobileDriver.java:37)
	at io.appium.java_client.AppiumDriver.<init>(AppiumDriver.java:88)
	at io.appium.java_client.AppiumDriver.<init>(AppiumDriver.java:98)
	at io.appium.java_client.android.AndroidDriver.<init>(AndroidDriver.java:94)
	at edu.base.BaseTest.startup(BaseTest.java:25)
	at sun.reflect.NativeMethodAccessorImpl.invoke0(Native Method)
	at sun.reflect.NativeMethodAccessorImpl.invoke(Unknown Source)
	at sun.reflect.DelegatingMethodAccessorImpl.invoke(Unknown Source)
	at java.lang.reflect.Method.invoke(Unknown Source)
	at org.testng.internal.MethodInvocationHelper.invokeMethod(MethodInvocationHelper.java:86)
	at org.testng.internal.Invoker.invokeConfigurationMethod(Invoker.java:514)
	at org.testng.internal.Invoker.invokeConfigurations(Invoker.java:215)
	at org.testng.internal.Invoker.invokeConfigurations(Invoker.java:142)
	at org.testng.internal.TestMethodWorker.invokeBeforeClassMethods(TestMethodWorker.java:178)
	at org.testng.internal.TestMethodWorker.run(TestMethodWorker.java:108)
	at org.testng.TestRunner.privateRun(TestRunner.java:782)
	at org.testng.TestRunner.run(TestRunner.java:632)
	at org.testng.SuiteRunner.runTest(SuiteRunner.java:366)
	at org.testng.SuiteRunner.runSequentially(SuiteRunner.java:361)
	at org.testng.SuiteRunner.privateRun(SuiteRunner.java:319)
	at org.testng.SuiteRunner.run(SuiteRunner.java:268)
	at org.testng.SuiteRunnerWorker.runSuite(SuiteRunnerWorker.java:52)
	at org.testng.SuiteRunnerWorker.run(SuiteRunnerWorker.java:86)
	at org.testng.TestNG.runSuitesSequentially(TestNG.java:1244)
	at org.testng.TestNG.runSuitesLocally(TestNG.java:1169)
	at org.testng.TestNG.run(TestNG.java:1064)
	at org.testng.remote.RemoteTestNG.run(RemoteTestNG.java:113)
	at org.testng.remote.RemoteTestNG.initAndRun(RemoteTestNG.java:206)
	at org.testng.remote.RemoteTestNG.main(RemoteTestNG.java:177)
Caused by: java.lang.reflect.InvocationTargetException
	at sun.reflect.NativeMethodAccessorImpl.invoke0(Native Method)
	at sun.reflect.NativeMethodAccessorImpl.invoke(Unknown Source)
	at sun.reflect.DelegatingMethodAccessorImpl.invoke(Unknown Source)
	at java.lang.reflect.Method.invoke(Unknown Source)
	at io.appium.java_client.remote.AppiumCommandExecutor$1.createSession(AppiumCommandExecutor.java:186)
	... 38 more
Caused by: org.openqa.selenium.WebDriverException: An unknown server-side error occurred while processing the command. Original error: Could not find a connected Android device.
Build info: version: '3.141.59', revision: 'e82be7d358', time: '2018-11-14T08:25:53'
System info: host: 'MI-202001101034', ip: '192.168.204.1', os.name: 'Windows 10', os.arch: 'amd64', os.version: '10.0', java.version: '1.8.0_73'
Driver info: driver.version: AndroidDriver
remote stacktrace: UnknownError: An unknown server-side error occurred while processing the command. Original error: Could not find a connected Android device.
    at getResponseForW3CError (C:\Users\Administrator\AppData\Local\Programs\Appium\resources\app\node_modules\appium\node_modules\appium-base-driver\lib\protocol\errors.js:804:9)
    at asyncHandler (C:\Users\Administrator\AppData\Local\Programs\Appium\resources\app\node_modules\appium\node_modules\appium-base-driver\lib\protocol\protocol.js:388:37)
    at process._tickCallback (internal/process/next_tick.js:68:7)
	at sun.reflect.NativeConstructorAccessorImpl.newInstance0(Native Method)
	at sun.reflect.NativeConstructorAccessorImpl.newInstance(Unknown Source)
	at sun.reflect.DelegatingConstructorAccessorImpl.newInstance(Unknown Source)
	at java.lang.reflect.Constructor.newInstance(Unknown Source)
	at org.openqa.selenium.remote.W3CHandshakeResponse.lambda$errorHandler$0(W3CHandshakeResponse.java:62)
	at org.openqa.selenium.remote.HandshakeResponse.lambda$getResponseFunction$0(HandshakeResponse.java:30)
	at org.openqa.selenium.remote.ProtocolHandshake.lambda$createSession$0(ProtocolHandshake.java:126)
	at java.util.stream.ReferencePipeline$3$1.accept(Unknown Source)
	at java.util.Spliterators$ArraySpliterator.tryAdvance(Unknown Source)
	at java.util.stream.ReferencePipeline.forEachWithCancel(Unknown Source)
	at java.util.stream.AbstractPipeline.copyIntoWithCancel(Unknown Source)
	at java.util.stream.AbstractPipeline.copyInto(Unknown Source)
	at java.util.stream.AbstractPipeline.wrapAndCopyInto(Unknown Source)
	at java.util.stream.FindOps$FindOp.evaluateSequential(Unknown Source)
	at java.util.stream.AbstractPipeline.evaluate(Unknown Source)
	at java.util.stream.ReferencePipeline.findFirst(Unknown Source)
	at org.openqa.selenium.remote.ProtocolHandshake.createSession(ProtocolHandshake.java:128)
	... 43 more
]]>
            </full-stacktrace>
          </exception> <!-- org.openqa.selenium.SessionNotCreatedException -->
          <reporter-output>
          </reporter-output>
        </test-method> <!-- startup -->
        <test-method status="SKIP" signature="loginSucess()[pri:0, instance:edu.testcase.PresonalCenterTest@7a92922]" name="loginSucess" is-config="true" duration-ms="0" started-at="2020-04-29T15:47:01Z" finished-at="2020-04-29T15:47:01Z">
          <reporter-output>
          </reporter-output>
        </test-method> <!-- loginSucess -->
        <test-method status="SKIP" signature="CKxinxi()[pri:0, instance:edu.testcase.PresonalCenterTest@7a92922]" name="CKxinxi" duration-ms="1" started-at="2020-04-29T15:47:01Z" finished-at="2020-04-29T15:47:01Z">
          <reporter-output>
          </reporter-output>
        </test-method> <!-- CKxinxi -->
        <test-method status="SKIP" signature="change_Email()[pri:0, instance:edu.testcase.PresonalCenterTest@7a92922]" name="change_Email" duration-ms="1" started-at="2020-04-29T15:47:01Z" finished-at="2020-04-29T15:47:01Z">
          <reporter-output>
          </reporter-output>
        </test-method> <!-- change_Email -->
        <test-method status="SKIP" signature="change_age()[pri:0, instance:edu.testcase.PresonalCenterTest@7a92922]" name="change_age" duration-ms="1" started-at="2020-04-29T15:47:01Z" finished-at="2020-04-29T15:47:01Z">
          <reporter-output>
          </reporter-output>
        </test-method> <!-- change_age -->
        <test-method status="SKIP" signature="change_city()[pri:0, instance:edu.testcase.PresonalCenterTest@7a92922]" name="change_city" duration-ms="1" started-at="2020-04-29T15:47:01Z" finished-at="2020-04-29T15:47:01Z">
          <reporter-output>
          </reporter-output>
        </test-method> <!-- change_city -->
        <test-method status="SKIP" signature="change_name()[pri:0, instance:edu.testcase.PresonalCenterTest@7a92922]" name="change_name" duration-ms="0" started-at="2020-04-29T15:47:01Z" finished-at="2020-04-29T15:47:01Z">
          <reporter-output>
          </reporter-output>
        </test-method> <!-- change_name -->
        <test-method status="SKIP" signature="change_note()[pri:0, instance:edu.testcase.PresonalCenterTest@7a92922]" name="change_note" duration-ms="0" started-at="2020-04-29T15:47:01Z" finished-at="2020-04-29T15:47:01Z">
          <reporter-output>
          </reporter-output>
        </test-method> <!-- change_note -->
        <test-method status="SKIP" signature="change_phone()[pri:0, instance:edu.testcase.PresonalCenterTest@7a92922]" name="change_phone" duration-ms="0" started-at="2020-04-29T15:47:01Z" finished-at="2020-04-29T15:47:01Z">
          <reporter-output>
          </reporter-output>
        </test-method> <!-- change_phone -->
        <test-method status="SKIP" signature="change_sex()[pri:0, instance:edu.testcase.PresonalCenterTest@7a92922]" name="change_sex" duration-ms="0" started-at="2020-04-29T15:47:01Z" finished-at="2020-04-29T15:47:01Z">
          <reporter-output>
          </reporter-output>
        </test-method> <!-- change_sex -->
        <test-method status="SKIP" signature="comment1()[pri:0, instance:edu.testcase.PresonalCenterTest@7a92922]" name="comment1" duration-ms="0" started-at="2020-04-29T15:47:01Z" finished-at="2020-04-29T15:47:01Z">
          <reporter-output>
          </reporter-output>
        </test-method> <!-- comment1 -->
        <test-method status="SKIP" signature="comment2()[pri:0, instance:edu.testcase.PresonalCenterTest@7a92922]" name="comment2" duration-ms="0" started-at="2020-04-29T15:47:01Z" finished-at="2020-04-29T15:47:01Z">
          <reporter-output>
          </reporter-output>
        </test-method> <!-- comment2 -->
        <test-method status="SKIP" signature="fan1()[pri:0, instance:edu.testcase.PresonalCenterTest@7a92922]" name="fan1" duration-ms="0" started-at="2020-04-29T15:47:01Z" finished-at="2020-04-29T15:47:01Z">
          <reporter-output>
          </reporter-output>
        </test-method> <!-- fan1 -->
        <test-method status="SKIP" signature="fan2()[pri:0, instance:edu.testcase.PresonalCenterTest@7a92922]" name="fan2" duration-ms="0" started-at="2020-04-29T15:47:01Z" finished-at="2020-04-29T15:47:01Z">
          <reporter-output>
          </reporter-output>
        </test-method> <!-- fan2 -->
        <test-method status="SKIP" signature="follow1()[pri:0, instance:edu.testcase.PresonalCenterTest@7a92922]" name="follow1" duration-ms="1" started-at="2020-04-29T15:47:01Z" finished-at="2020-04-29T15:47:01Z">
          <reporter-output>
          </reporter-output>
        </test-method> <!-- follow1 -->
        <test-method status="SKIP" signature="follow2()[pri:0, instance:edu.testcase.PresonalCenterTest@7a92922]" name="follow2" duration-ms="1" started-at="2020-04-29T15:47:01Z" finished-at="2020-04-29T15:47:01Z">
          <reporter-output>
          </reporter-output>
        </test-method> <!-- follow2 -->
        <test-method status="SKIP" signature="hui_yuan()[pri:0, instance:edu.testcase.PresonalCenterTest@7a92922]" name="hui_yuan" duration-ms="0" started-at="2020-04-29T15:47:01Z" finished-at="2020-04-29T15:47:01Z">
          <reporter-output>
          </reporter-output>
        </test-method> <!-- hui_yuan -->
        <test-method status="SKIP" signature="play_ball()[pri:0, instance:edu.testcase.PresonalCenterTest@7a92922]" name="play_ball" duration-ms="1" started-at="2020-04-29T15:47:01Z" finished-at="2020-04-29T15:47:01Z">
          <reporter-output>
          </reporter-output>
        </test-method> <!-- play_ball -->
        <test-method status="SKIP" signature="pull_fankui()[pri:0, instance:edu.testcase.PresonalCenterTest@7a92922]" name="pull_fankui" duration-ms="0" started-at="2020-04-29T15:47:01Z" finished-at="2020-04-29T15:47:01Z">
          <reporter-output>
          </reporter-output>
        </test-method> <!-- pull_fankui -->
        <test-method status="SKIP" signature="score()[pri:0, instance:edu.testcase.PresonalCenterTest@7a92922]" name="score" duration-ms="1" started-at="2020-04-29T15:47:01Z" finished-at="2020-04-29T15:47:01Z">
          <reporter-output>
          </reporter-output>
        </test-method> <!-- score -->
        <test-method status="SKIP" signature="shoucnag()[pri:0, instance:edu.testcase.PresonalCenterTest@7a92922]" name="shoucnag" duration-ms="1" started-at="2020-04-29T15:47:01Z" finished-at="2020-04-29T15:47:01Z">
          <reporter-output>
          </reporter-output>
        </test-method> <!-- shoucnag -->
        <test-method status="SKIP" signature="vip()[pri:0, instance:edu.testcase.PresonalCenterTest@7a92922]" name="vip" duration-ms="1" started-at="2020-04-29T15:47:01Z" finished-at="2020-04-29T15:47:01Z">
          <reporter-output>
          </reporter-output>
        </test-method> <!-- vip -->
        <test-method status="SKIP" signature="zhuxiao()[pri:0, instance:edu.testcase.PresonalCenterTest@7a92922]" name="zhuxiao" duration-ms="0" started-at="2020-04-29T15:47:01Z" finished-at="2020-04-29T15:47:01Z">
          <reporter-output>
          </reporter-output>
        </test-method> <!-- zhuxiao -->
      </class> <!-- edu.testcase.PresonalCenterTest -->
    </test> <!-- Default test -->
  </suite> <!-- Default suite -->
</testng-results>
