<?xml version="1.0" encoding="UTF-8"?>
<!-- Generated by org.testng.reporters.JUnitReportReporter -->
<testsuite hostname="DESKTOP-UDJ5PR4" name="edu.testcase.HomePageTest" tests="12" failures="1" timestamp="28 Apr 2020 05:15:40 GMT" time="107.270" errors="0">
  <testcase name="testSearchFoundByID" time="6.122" classname="edu.testcase.HomePageTest"/>
  <testcase name="testSearchFoundByID" time="4.611" classname="edu.testcase.HomePageTest"/>
  <testcase name="testSearchFoundByID2" time="17.332" classname="edu.testcase.HomePageTest"/>
  <testcase name="testSearchFoundByID" time="4.565" classname="edu.testcase.HomePageTest"/>
  <testcase name="testSearchFoundByID2" time="13.546" classname="edu.testcase.HomePageTest"/>
  <testcase name="testSearchFoundByID2" time="15.778" classname="edu.testcase.HomePageTest"/>
  <testcase name="testSearchFoundByID2" time="4.468" classname="edu.testcase.HomePageTest">
    <failure type="java.lang.AssertionError" message="expected [true] but found [false]">
      <![CDATA[java.lang.AssertionError: expected [true] but found [false]
	at org.testng.Assert.fail(Assert.java:94)
	at org.testng.Assert.failNotEquals(Assert.java:513)
	at org.testng.Assert.assertTrue(Assert.java:42)
	at org.testng.Assert.assertTrue(Assert.java:52)
	at edu.testcase.HomePageTest.testSearchFoundByID2(HomePageTest.java:46)
	at sun.reflect.NativeMethodAccessorImpl.invoke0(Native Method)
	at sun.reflect.NativeMethodAccessorImpl.invoke(NativeMethodAccessorImpl.java:62)
	at sun.reflect.DelegatingMethodAccessorImpl.invoke(DelegatingMethodAccessorImpl.java:43)
	at java.lang.reflect.Method.invoke(Method.java:497)
	at org.testng.internal.MethodInvocationHelper.invokeMethod(MethodInvocationHelper.java:86)
	at org.testng.internal.Invoker.invokeMethod(Invoker.java:645)
	at org.testng.internal.Invoker.invokeTestMethod(Invoker.java:822)
	at org.testng.internal.Invoker.invokeTestMethods(Invoker.java:1130)
	at org.testng.internal.TestMethodWorker.invokeTestMethods(TestMethodWorker.java:129)
	at org.testng.internal.TestMethodWorker.run(TestMethodWorker.java:112)
	at org.testng.TestRunner.privateRun(TestRunner.java:782)
	at org.testng.TestRunner.run(TestRunner.java:632)
	at org.testng.SuiteRunner.runTest(SuiteRunner.java:366)
	at org.testng.SuiteRunner.runSequentially(SuiteRunner.java:361)
	at org.testng.SuiteRunner.privateRun(SuiteRunner.java:319)
	at org.testng.SuiteRunner.run(SuiteRunner.java:268)
	at org.testng.SuiteRunnerWorker.runSuite(SuiteRunnerWorker.java:52)
	at org.testng.SuiteRunnerWorker.run(SuiteRunnerWorker.java:86)
	at org.testng.TestNG.runSuitesSequentially(TestNG.java:1244)
	at org.testng.TestNG.runSuitesLocally(TestNG.java:1169)
	at org.testng.TestNG.run(TestNG.java:1064)
	at org.testng.remote.RemoteTestNG.run(RemoteTestNG.java:113)
	at org.testng.remote.RemoteTestNG.initAndRun(RemoteTestNG.java:206)
	at org.testng.remote.RemoteTestNG.main(RemoteTestNG.java:177)
]]>
    </failure>
  </testcase> <!-- testSearchFoundByID2 -->
  <testcase name="testSearchFoundByID2" time="15.331" classname="edu.testcase.HomePageTest"/>
  <testcase name="testExitSearch" time="0.079" classname="edu.testcase.HomePageTest"/>
  <testcase name="testEnterSearch" time="3.840" classname="edu.testcase.HomePageTest"/>
  <testcase name="testSearchFoundByID" time="6.907" classname="edu.testcase.HomePageTest"/>
  <testcase name="testSearchFoundByID2" time="14.691" classname="edu.testcase.HomePageTest"/>
</testsuite> <!-- edu.testcase.HomePageTest -->
